[2026-03-18T07:34:22.732+0000] {processor.py:186} INFO - Started process (PID=167) to work on /opt/airflow/dags/pipeline_dag.py
[2026-03-18T07:34:22.950+0000] {processor.py:914} INFO - Processing file /opt/airflow/dags/pipeline_dag.py for tasks to queue
[2026-03-18T07:34:23.449+0000] {logging_mixin.py:190} INFO - [2026-03-18T07:34:23.447+0000] {dagbag.py:588} INFO - Filling up the DagBag from /opt/airflow/dags/pipeline_dag.py
[2026-03-18T07:34:29.657+0000] {processor.py:925} INFO - DAG(s) 'chat_pipeline' retrieved from /opt/airflow/dags/pipeline_dag.py
[2026-03-18T07:34:35.340+0000] {logging_mixin.py:190} INFO - [2026-03-18T07:34:35.337+0000] {override.py:1930} INFO - Created Permission View: can delete on DAG:chat_pipeline
[2026-03-18T07:34:35.428+0000] {logging_mixin.py:190} INFO - [2026-03-18T07:34:35.427+0000] {override.py:1930} INFO - Created Permission View: can read on DAG:chat_pipeline
[2026-03-18T07:34:35.441+0000] {logging_mixin.py:190} INFO - [2026-03-18T07:34:35.440+0000] {override.py:1930} INFO - Created Permission View: can edit on DAG:chat_pipeline
[2026-03-18T07:34:35.456+0000] {logging_mixin.py:190} INFO - [2026-03-18T07:34:35.456+0000] {override.py:1930} INFO - Created Permission View: can delete on DAG Run:chat_pipeline
[2026-03-18T07:34:35.471+0000] {logging_mixin.py:190} INFO - [2026-03-18T07:34:35.471+0000] {override.py:1930} INFO - Created Permission View: can read on DAG Run:chat_pipeline
[2026-03-18T07:34:35.491+0000] {logging_mixin.py:190} INFO - [2026-03-18T07:34:35.491+0000] {override.py:1930} INFO - Created Permission View: can create on DAG Run:chat_pipeline
[2026-03-18T07:34:35.506+0000] {logging_mixin.py:190} INFO - [2026-03-18T07:34:35.505+0000] {override.py:1930} INFO - Created Permission View: menu access on DAG Run:chat_pipeline
[2026-03-18T07:34:35.507+0000] {logging_mixin.py:190} INFO - [2026-03-18T07:34:35.507+0000] {dag.py:3239} INFO - Sync 1 DAGs
[2026-03-18T07:34:35.623+0000] {logging_mixin.py:190} INFO - [2026-03-18T07:34:35.622+0000] {dag.py:3262} INFO - Creating ORM DAG for chat_pipeline
[2026-03-18T07:34:35.973+0000] {logging_mixin.py:190} INFO - [2026-03-18T07:34:35.972+0000] {dag.py:4180} INFO - Setting next_dagrun for chat_pipeline to 2026-03-17 00:00:00+00:00, run_after=2026-03-18 00:00:00+00:00
[2026-03-18T07:34:36.482+0000] {processor.py:208} INFO - Processing /opt/airflow/dags/pipeline_dag.py took 14.185 seconds
[2026-03-18T07:35:09.824+0000] {processor.py:186} INFO - Started process (PID=172) to work on /opt/airflow/dags/pipeline_dag.py
[2026-03-18T07:35:09.907+0000] {processor.py:914} INFO - Processing file /opt/airflow/dags/pipeline_dag.py for tasks to queue
[2026-03-18T07:35:10.298+0000] {logging_mixin.py:190} INFO - [2026-03-18T07:35:10.297+0000] {dagbag.py:588} INFO - Filling up the DagBag from /opt/airflow/dags/pipeline_dag.py
[2026-03-18T07:35:12.225+0000] {processor.py:925} INFO - DAG(s) 'chat_pipeline' retrieved from /opt/airflow/dags/pipeline_dag.py
[2026-03-18T07:35:14.809+0000] {logging_mixin.py:190} INFO - [2026-03-18T07:35:14.808+0000] {dag.py:3239} INFO - Sync 1 DAGs
[2026-03-18T07:35:16.351+0000] {logging_mixin.py:190} INFO - [2026-03-18T07:35:16.350+0000] {dag.py:4180} INFO - Setting next_dagrun for chat_pipeline to 2026-03-17 00:00:00+00:00, run_after=2026-03-18 00:00:00+00:00
[2026-03-18T07:35:18.802+0000] {processor.py:208} INFO - Processing /opt/airflow/dags/pipeline_dag.py took 9.826 seconds
[2026-03-18T07:35:50.106+0000] {processor.py:186} INFO - Started process (PID=177) to work on /opt/airflow/dags/pipeline_dag.py
[2026-03-18T07:35:50.109+0000] {processor.py:914} INFO - Processing file /opt/airflow/dags/pipeline_dag.py for tasks to queue
[2026-03-18T07:35:50.118+0000] {logging_mixin.py:190} INFO - [2026-03-18T07:35:50.117+0000] {dagbag.py:588} INFO - Filling up the DagBag from /opt/airflow/dags/pipeline_dag.py
[2026-03-18T07:35:50.242+0000] {processor.py:925} INFO - DAG(s) 'chat_pipeline' retrieved from /opt/airflow/dags/pipeline_dag.py
[2026-03-18T07:35:50.344+0000] {logging_mixin.py:190} INFO - [2026-03-18T07:35:50.344+0000] {dag.py:3239} INFO - Sync 1 DAGs
[2026-03-18T07:35:50.375+0000] {logging_mixin.py:190} INFO - [2026-03-18T07:35:50.375+0000] {dag.py:4180} INFO - Setting next_dagrun for chat_pipeline to 2026-03-17 00:00:00+00:00, run_after=2026-03-18 00:00:00+00:00
[2026-03-18T07:35:50.454+0000] {processor.py:208} INFO - Processing /opt/airflow/dags/pipeline_dag.py took 0.368 seconds
[2026-03-18T07:36:20.741+0000] {processor.py:186} INFO - Started process (PID=182) to work on /opt/airflow/dags/pipeline_dag.py
[2026-03-18T07:36:20.743+0000] {processor.py:914} INFO - Processing file /opt/airflow/dags/pipeline_dag.py for tasks to queue
[2026-03-18T07:36:20.748+0000] {logging_mixin.py:190} INFO - [2026-03-18T07:36:20.748+0000] {dagbag.py:588} INFO - Filling up the DagBag from /opt/airflow/dags/pipeline_dag.py
[2026-03-18T07:36:20.824+0000] {processor.py:925} INFO - DAG(s) 'chat_pipeline' retrieved from /opt/airflow/dags/pipeline_dag.py
[2026-03-18T07:36:20.960+0000] {logging_mixin.py:190} INFO - [2026-03-18T07:36:20.959+0000] {dag.py:3239} INFO - Sync 1 DAGs
[2026-03-18T07:36:21.068+0000] {logging_mixin.py:190} INFO - [2026-03-18T07:36:21.067+0000] {dag.py:4180} INFO - Setting next_dagrun for chat_pipeline to 2026-03-17 00:00:00+00:00, run_after=2026-03-18 00:00:00+00:00
[2026-03-18T07:36:21.129+0000] {processor.py:208} INFO - Processing /opt/airflow/dags/pipeline_dag.py took 0.398 seconds
[2026-03-18T07:36:51.452+0000] {processor.py:186} INFO - Started process (PID=187) to work on /opt/airflow/dags/pipeline_dag.py
[2026-03-18T07:36:51.454+0000] {processor.py:914} INFO - Processing file /opt/airflow/dags/pipeline_dag.py for tasks to queue
[2026-03-18T07:36:51.463+0000] {logging_mixin.py:190} INFO - [2026-03-18T07:36:51.462+0000] {dagbag.py:588} INFO - Filling up the DagBag from /opt/airflow/dags/pipeline_dag.py
[2026-03-18T07:36:51.558+0000] {processor.py:925} INFO - DAG(s) 'chat_pipeline' retrieved from /opt/airflow/dags/pipeline_dag.py
[2026-03-18T07:36:51.786+0000] {logging_mixin.py:190} INFO - [2026-03-18T07:36:51.786+0000] {dag.py:3239} INFO - Sync 1 DAGs
[2026-03-18T07:36:51.869+0000] {logging_mixin.py:190} INFO - [2026-03-18T07:36:51.868+0000] {dag.py:4180} INFO - Setting next_dagrun for chat_pipeline to 2026-03-17 00:00:00+00:00, run_after=2026-03-18 00:00:00+00:00
[2026-03-18T07:36:51.944+0000] {processor.py:208} INFO - Processing /opt/airflow/dags/pipeline_dag.py took 0.507 seconds
[2026-03-18T07:37:22.285+0000] {processor.py:186} INFO - Started process (PID=192) to work on /opt/airflow/dags/pipeline_dag.py
[2026-03-18T07:37:22.288+0000] {processor.py:914} INFO - Processing file /opt/airflow/dags/pipeline_dag.py for tasks to queue
[2026-03-18T07:37:22.294+0000] {logging_mixin.py:190} INFO - [2026-03-18T07:37:22.293+0000] {dagbag.py:588} INFO - Filling up the DagBag from /opt/airflow/dags/pipeline_dag.py
[2026-03-18T07:37:22.347+0000] {processor.py:925} INFO - DAG(s) 'chat_pipeline' retrieved from /opt/airflow/dags/pipeline_dag.py
[2026-03-18T07:37:22.391+0000] {logging_mixin.py:190} INFO - [2026-03-18T07:37:22.391+0000] {dag.py:3239} INFO - Sync 1 DAGs
[2026-03-18T07:37:22.430+0000] {logging_mixin.py:190} INFO - [2026-03-18T07:37:22.430+0000] {dag.py:4180} INFO - Setting next_dagrun for chat_pipeline to 2026-03-17 00:00:00+00:00, run_after=2026-03-18 00:00:00+00:00
[2026-03-18T07:37:22.517+0000] {processor.py:208} INFO - Processing /opt/airflow/dags/pipeline_dag.py took 0.246 seconds
[2026-03-18T07:42:14.091+0000] {processor.py:186} INFO - Started process (PID=167) to work on /opt/airflow/dags/pipeline_dag.py
[2026-03-18T07:42:14.092+0000] {processor.py:914} INFO - Processing file /opt/airflow/dags/pipeline_dag.py for tasks to queue
[2026-03-18T07:42:14.095+0000] {logging_mixin.py:190} INFO - [2026-03-18T07:42:14.095+0000] {dagbag.py:588} INFO - Filling up the DagBag from /opt/airflow/dags/pipeline_dag.py
[2026-03-18T07:42:14.156+0000] {processor.py:925} INFO - DAG(s) 'chat_pipeline' retrieved from /opt/airflow/dags/pipeline_dag.py
[2026-03-18T07:42:14.236+0000] {logging_mixin.py:190} INFO - [2026-03-18T07:42:14.236+0000] {dag.py:3239} INFO - Sync 1 DAGs
[2026-03-18T07:42:14.325+0000] {logging_mixin.py:190} INFO - [2026-03-18T07:42:14.324+0000] {dag.py:4180} INFO - Setting next_dagrun for chat_pipeline to 2026-03-17 00:00:00+00:00, run_after=2026-03-18 00:00:00+00:00
[2026-03-18T07:42:14.401+0000] {processor.py:208} INFO - Processing /opt/airflow/dags/pipeline_dag.py took 0.318 seconds
[2026-03-18T07:42:45.914+0000] {processor.py:186} INFO - Started process (PID=172) to work on /opt/airflow/dags/pipeline_dag.py
[2026-03-18T07:42:46.148+0000] {processor.py:914} INFO - Processing file /opt/airflow/dags/pipeline_dag.py for tasks to queue
[2026-03-18T07:42:46.278+0000] {logging_mixin.py:190} INFO - [2026-03-18T07:42:46.263+0000] {dagbag.py:588} INFO - Filling up the DagBag from /opt/airflow/dags/pipeline_dag.py
[2026-03-18T07:42:47.464+0000] {processor.py:925} INFO - DAG(s) 'chat_pipeline' retrieved from /opt/airflow/dags/pipeline_dag.py
[2026-03-18T07:42:49.283+0000] {logging_mixin.py:190} INFO - [2026-03-18T07:42:49.283+0000] {dag.py:3239} INFO - Sync 1 DAGs
[2026-03-18T07:42:50.601+0000] {logging_mixin.py:190} INFO - [2026-03-18T07:42:50.600+0000] {dag.py:4180} INFO - Setting next_dagrun for chat_pipeline to 2026-03-17 00:00:00+00:00, run_after=2026-03-18 00:00:00+00:00
[2026-03-18T07:42:50.808+0000] {processor.py:208} INFO - Processing /opt/airflow/dags/pipeline_dag.py took 5.489 seconds
[2026-03-18T07:43:23.115+0000] {processor.py:186} INFO - Started process (PID=177) to work on /opt/airflow/dags/pipeline_dag.py
[2026-03-18T07:43:23.151+0000] {processor.py:914} INFO - Processing file /opt/airflow/dags/pipeline_dag.py for tasks to queue
[2026-03-18T07:43:23.260+0000] {logging_mixin.py:190} INFO - [2026-03-18T07:43:23.257+0000] {dagbag.py:588} INFO - Filling up the DagBag from /opt/airflow/dags/pipeline_dag.py
[2026-03-18T07:43:23.994+0000] {processor.py:925} INFO - DAG(s) 'chat_pipeline' retrieved from /opt/airflow/dags/pipeline_dag.py
[2026-03-18T07:43:26.717+0000] {logging_mixin.py:190} INFO - [2026-03-18T07:43:26.716+0000] {dag.py:3239} INFO - Sync 1 DAGs
[2026-03-18T07:43:29.379+0000] {logging_mixin.py:190} INFO - [2026-03-18T07:43:29.378+0000] {dag.py:4180} INFO - Setting next_dagrun for chat_pipeline to 2026-03-17 00:00:00+00:00, run_after=2026-03-18 00:00:00+00:00
[2026-03-18T07:43:29.682+0000] {processor.py:208} INFO - Processing /opt/airflow/dags/pipeline_dag.py took 7.647 seconds
[2026-03-18T07:44:01.484+0000] {processor.py:186} INFO - Started process (PID=182) to work on /opt/airflow/dags/pipeline_dag.py
[2026-03-18T07:44:01.594+0000] {processor.py:914} INFO - Processing file /opt/airflow/dags/pipeline_dag.py for tasks to queue
[2026-03-18T07:44:01.639+0000] {logging_mixin.py:190} INFO - [2026-03-18T07:44:01.637+0000] {dagbag.py:588} INFO - Filling up the DagBag from /opt/airflow/dags/pipeline_dag.py
[2026-03-18T07:44:02.030+0000] {processor.py:925} INFO - DAG(s) 'chat_pipeline' retrieved from /opt/airflow/dags/pipeline_dag.py
[2026-03-18T07:44:02.432+0000] {logging_mixin.py:190} INFO - [2026-03-18T07:44:02.431+0000] {dag.py:3239} INFO - Sync 1 DAGs
[2026-03-18T07:44:03.600+0000] {logging_mixin.py:190} INFO - [2026-03-18T07:44:03.599+0000] {dag.py:4180} INFO - Setting next_dagrun for chat_pipeline to 2026-03-17 00:00:00+00:00, run_after=2026-03-18 00:00:00+00:00
[2026-03-18T07:44:03.707+0000] {processor.py:208} INFO - Processing /opt/airflow/dags/pipeline_dag.py took 2.366 seconds
[2026-03-18T07:44:35.676+0000] {processor.py:186} INFO - Started process (PID=187) to work on /opt/airflow/dags/pipeline_dag.py
[2026-03-18T07:44:35.906+0000] {processor.py:914} INFO - Processing file /opt/airflow/dags/pipeline_dag.py for tasks to queue
[2026-03-18T07:44:36.027+0000] {logging_mixin.py:190} INFO - [2026-03-18T07:44:36.025+0000] {dagbag.py:588} INFO - Filling up the DagBag from /opt/airflow/dags/pipeline_dag.py
[2026-03-18T07:44:36.453+0000] {processor.py:925} INFO - DAG(s) 'chat_pipeline' retrieved from /opt/airflow/dags/pipeline_dag.py
[2026-03-18T07:44:37.074+0000] {logging_mixin.py:190} INFO - [2026-03-18T07:44:37.072+0000] {dag.py:3239} INFO - Sync 1 DAGs
[2026-03-18T07:44:37.242+0000] {logging_mixin.py:190} INFO - [2026-03-18T07:44:37.241+0000] {dag.py:4180} INFO - Setting next_dagrun for chat_pipeline to 2026-03-17 00:00:00+00:00, run_after=2026-03-18 00:00:00+00:00
[2026-03-18T07:44:37.346+0000] {processor.py:208} INFO - Processing /opt/airflow/dags/pipeline_dag.py took 2.838 seconds
[2026-03-18T07:45:07.781+0000] {processor.py:186} INFO - Started process (PID=192) to work on /opt/airflow/dags/pipeline_dag.py
[2026-03-18T07:45:07.783+0000] {processor.py:914} INFO - Processing file /opt/airflow/dags/pipeline_dag.py for tasks to queue
[2026-03-18T07:45:07.786+0000] {logging_mixin.py:190} INFO - [2026-03-18T07:45:07.786+0000] {dagbag.py:588} INFO - Filling up the DagBag from /opt/airflow/dags/pipeline_dag.py
[2026-03-18T07:45:07.844+0000] {processor.py:925} INFO - DAG(s) 'chat_pipeline' retrieved from /opt/airflow/dags/pipeline_dag.py
[2026-03-18T07:45:07.950+0000] {logging_mixin.py:190} INFO - [2026-03-18T07:45:07.950+0000] {dag.py:3239} INFO - Sync 1 DAGs
[2026-03-18T07:45:07.987+0000] {logging_mixin.py:190} INFO - [2026-03-18T07:45:07.987+0000] {dag.py:4180} INFO - Setting next_dagrun for chat_pipeline to 2026-03-17 00:00:00+00:00, run_after=2026-03-18 00:00:00+00:00
[2026-03-18T07:45:08.016+0000] {processor.py:208} INFO - Processing /opt/airflow/dags/pipeline_dag.py took 0.244 seconds
[2026-03-18T07:45:38.817+0000] {processor.py:186} INFO - Started process (PID=197) to work on /opt/airflow/dags/pipeline_dag.py
[2026-03-18T07:45:38.832+0000] {processor.py:914} INFO - Processing file /opt/airflow/dags/pipeline_dag.py for tasks to queue
[2026-03-18T07:45:38.911+0000] {logging_mixin.py:190} INFO - [2026-03-18T07:45:38.907+0000] {dagbag.py:588} INFO - Filling up the DagBag from /opt/airflow/dags/pipeline_dag.py
[2026-03-18T07:45:40.901+0000] {processor.py:925} INFO - DAG(s) 'chat_pipeline' retrieved from /opt/airflow/dags/pipeline_dag.py
[2026-03-18T07:45:41.487+0000] {logging_mixin.py:190} INFO - [2026-03-18T07:45:41.487+0000] {dag.py:3239} INFO - Sync 1 DAGs
[2026-03-18T07:45:41.736+0000] {logging_mixin.py:190} INFO - [2026-03-18T07:45:41.736+0000] {dag.py:4180} INFO - Setting next_dagrun for chat_pipeline to 2026-03-17 00:00:00+00:00, run_after=2026-03-18 00:00:00+00:00
[2026-03-18T07:45:42.012+0000] {processor.py:208} INFO - Processing /opt/airflow/dags/pipeline_dag.py took 3.245 seconds
[2026-03-18T07:46:13.573+0000] {processor.py:186} INFO - Started process (PID=202) to work on /opt/airflow/dags/pipeline_dag.py
[2026-03-18T07:46:13.595+0000] {processor.py:914} INFO - Processing file /opt/airflow/dags/pipeline_dag.py for tasks to queue
[2026-03-18T07:46:13.680+0000] {logging_mixin.py:190} INFO - [2026-03-18T07:46:13.665+0000] {dagbag.py:588} INFO - Filling up the DagBag from /opt/airflow/dags/pipeline_dag.py
[2026-03-18T07:46:13.972+0000] {processor.py:925} INFO - DAG(s) 'chat_pipeline' retrieved from /opt/airflow/dags/pipeline_dag.py
[2026-03-18T07:46:14.268+0000] {logging_mixin.py:190} INFO - [2026-03-18T07:46:14.265+0000] {dag.py:3239} INFO - Sync 1 DAGs
[2026-03-18T07:46:15.870+0000] {logging_mixin.py:190} INFO - [2026-03-18T07:46:15.870+0000] {dag.py:4180} INFO - Setting next_dagrun for chat_pipeline to 2026-03-18 00:00:00+00:00, run_after=2026-03-19 00:00:00+00:00
[2026-03-18T07:46:16.001+0000] {processor.py:208} INFO - Processing /opt/airflow/dags/pipeline_dag.py took 3.388 seconds
[2026-03-18T07:46:46.772+0000] {processor.py:186} INFO - Started process (PID=213) to work on /opt/airflow/dags/pipeline_dag.py
[2026-03-18T07:46:46.775+0000] {processor.py:914} INFO - Processing file /opt/airflow/dags/pipeline_dag.py for tasks to queue
[2026-03-18T07:46:46.783+0000] {logging_mixin.py:190} INFO - [2026-03-18T07:46:46.782+0000] {dagbag.py:588} INFO - Filling up the DagBag from /opt/airflow/dags/pipeline_dag.py
[2026-03-18T07:46:46.903+0000] {processor.py:925} INFO - DAG(s) 'chat_pipeline' retrieved from /opt/airflow/dags/pipeline_dag.py
[2026-03-18T07:46:47.003+0000] {logging_mixin.py:190} INFO - [2026-03-18T07:46:47.002+0000] {dag.py:3239} INFO - Sync 1 DAGs
[2026-03-18T07:46:47.058+0000] {logging_mixin.py:190} INFO - [2026-03-18T07:46:47.058+0000] {dag.py:4180} INFO - Setting next_dagrun for chat_pipeline to 2026-03-18 00:00:00+00:00, run_after=2026-03-19 00:00:00+00:00
[2026-03-18T07:46:47.121+0000] {processor.py:208} INFO - Processing /opt/airflow/dags/pipeline_dag.py took 0.375 seconds
[2026-03-18T07:47:17.669+0000] {processor.py:186} INFO - Started process (PID=218) to work on /opt/airflow/dags/pipeline_dag.py
[2026-03-18T07:47:17.674+0000] {processor.py:914} INFO - Processing file /opt/airflow/dags/pipeline_dag.py for tasks to queue
[2026-03-18T07:47:17.703+0000] {logging_mixin.py:190} INFO - [2026-03-18T07:47:17.702+0000] {dagbag.py:588} INFO - Filling up the DagBag from /opt/airflow/dags/pipeline_dag.py
[2026-03-18T07:47:17.835+0000] {processor.py:925} INFO - DAG(s) 'chat_pipeline' retrieved from /opt/airflow/dags/pipeline_dag.py
[2026-03-18T07:47:17.927+0000] {logging_mixin.py:190} INFO - [2026-03-18T07:47:17.927+0000] {dag.py:3239} INFO - Sync 1 DAGs
[2026-03-18T07:47:18.025+0000] {logging_mixin.py:190} INFO - [2026-03-18T07:47:18.025+0000] {dag.py:4180} INFO - Setting next_dagrun for chat_pipeline to 2026-03-18 00:00:00+00:00, run_after=2026-03-19 00:00:00+00:00
[2026-03-18T07:47:18.159+0000] {processor.py:208} INFO - Processing /opt/airflow/dags/pipeline_dag.py took 0.525 seconds
[2026-03-18T07:47:48.427+0000] {processor.py:186} INFO - Started process (PID=223) to work on /opt/airflow/dags/pipeline_dag.py
[2026-03-18T07:47:48.429+0000] {processor.py:914} INFO - Processing file /opt/airflow/dags/pipeline_dag.py for tasks to queue
[2026-03-18T07:47:48.434+0000] {logging_mixin.py:190} INFO - [2026-03-18T07:47:48.433+0000] {dagbag.py:588} INFO - Filling up the DagBag from /opt/airflow/dags/pipeline_dag.py
[2026-03-18T07:47:48.503+0000] {processor.py:925} INFO - DAG(s) 'chat_pipeline' retrieved from /opt/airflow/dags/pipeline_dag.py
[2026-03-18T07:47:48.552+0000] {logging_mixin.py:190} INFO - [2026-03-18T07:47:48.551+0000] {dag.py:3239} INFO - Sync 1 DAGs
[2026-03-18T07:47:48.592+0000] {logging_mixin.py:190} INFO - [2026-03-18T07:47:48.592+0000] {dag.py:4180} INFO - Setting next_dagrun for chat_pipeline to 2026-03-18 00:00:00+00:00, run_after=2026-03-19 00:00:00+00:00
[2026-03-18T07:47:48.668+0000] {processor.py:208} INFO - Processing /opt/airflow/dags/pipeline_dag.py took 0.252 seconds
[2026-03-18T07:48:19.167+0000] {processor.py:186} INFO - Started process (PID=228) to work on /opt/airflow/dags/pipeline_dag.py
[2026-03-18T07:48:19.169+0000] {processor.py:914} INFO - Processing file /opt/airflow/dags/pipeline_dag.py for tasks to queue
[2026-03-18T07:48:19.173+0000] {logging_mixin.py:190} INFO - [2026-03-18T07:48:19.172+0000] {dagbag.py:588} INFO - Filling up the DagBag from /opt/airflow/dags/pipeline_dag.py
[2026-03-18T07:48:19.235+0000] {processor.py:925} INFO - DAG(s) 'chat_pipeline' retrieved from /opt/airflow/dags/pipeline_dag.py
[2026-03-18T07:48:19.280+0000] {logging_mixin.py:190} INFO - [2026-03-18T07:48:19.280+0000] {dag.py:3239} INFO - Sync 1 DAGs
[2026-03-18T07:48:19.316+0000] {logging_mixin.py:190} INFO - [2026-03-18T07:48:19.315+0000] {dag.py:4180} INFO - Setting next_dagrun for chat_pipeline to 2026-03-18 00:00:00+00:00, run_after=2026-03-19 00:00:00+00:00
[2026-03-18T07:48:19.406+0000] {processor.py:208} INFO - Processing /opt/airflow/dags/pipeline_dag.py took 0.251 seconds
[2026-03-18T07:48:49.917+0000] {processor.py:186} INFO - Started process (PID=233) to work on /opt/airflow/dags/pipeline_dag.py
[2026-03-18T07:48:49.919+0000] {processor.py:914} INFO - Processing file /opt/airflow/dags/pipeline_dag.py for tasks to queue
[2026-03-18T07:48:49.925+0000] {logging_mixin.py:190} INFO - [2026-03-18T07:48:49.924+0000] {dagbag.py:588} INFO - Filling up the DagBag from /opt/airflow/dags/pipeline_dag.py
[2026-03-18T07:48:49.998+0000] {processor.py:925} INFO - DAG(s) 'chat_pipeline' retrieved from /opt/airflow/dags/pipeline_dag.py
[2026-03-18T07:48:50.049+0000] {logging_mixin.py:190} INFO - [2026-03-18T07:48:50.048+0000] {dag.py:3239} INFO - Sync 1 DAGs
[2026-03-18T07:48:50.089+0000] {logging_mixin.py:190} INFO - [2026-03-18T07:48:50.088+0000] {dag.py:4180} INFO - Setting next_dagrun for chat_pipeline to 2026-03-18 00:00:00+00:00, run_after=2026-03-19 00:00:00+00:00
[2026-03-18T07:48:50.121+0000] {processor.py:208} INFO - Processing /opt/airflow/dags/pipeline_dag.py took 0.222 seconds
[2026-03-18T07:49:20.624+0000] {processor.py:186} INFO - Started process (PID=238) to work on /opt/airflow/dags/pipeline_dag.py
[2026-03-18T07:49:20.627+0000] {processor.py:914} INFO - Processing file /opt/airflow/dags/pipeline_dag.py for tasks to queue
[2026-03-18T07:49:20.630+0000] {logging_mixin.py:190} INFO - [2026-03-18T07:49:20.630+0000] {dagbag.py:588} INFO - Filling up the DagBag from /opt/airflow/dags/pipeline_dag.py
[2026-03-18T07:49:20.694+0000] {processor.py:925} INFO - DAG(s) 'chat_pipeline' retrieved from /opt/airflow/dags/pipeline_dag.py
[2026-03-18T07:49:20.747+0000] {logging_mixin.py:190} INFO - [2026-03-18T07:49:20.747+0000] {dag.py:3239} INFO - Sync 1 DAGs
[2026-03-18T07:49:20.789+0000] {logging_mixin.py:190} INFO - [2026-03-18T07:49:20.789+0000] {dag.py:4180} INFO - Setting next_dagrun for chat_pipeline to 2026-03-18 00:00:00+00:00, run_after=2026-03-19 00:00:00+00:00
[2026-03-18T07:49:20.825+0000] {processor.py:208} INFO - Processing /opt/airflow/dags/pipeline_dag.py took 0.211 seconds
[2026-03-18T07:49:51.289+0000] {processor.py:186} INFO - Started process (PID=243) to work on /opt/airflow/dags/pipeline_dag.py
[2026-03-18T07:49:51.292+0000] {processor.py:914} INFO - Processing file /opt/airflow/dags/pipeline_dag.py for tasks to queue
[2026-03-18T07:49:51.300+0000] {logging_mixin.py:190} INFO - [2026-03-18T07:49:51.299+0000] {dagbag.py:588} INFO - Filling up the DagBag from /opt/airflow/dags/pipeline_dag.py
[2026-03-18T07:49:51.416+0000] {processor.py:925} INFO - DAG(s) 'chat_pipeline' retrieved from /opt/airflow/dags/pipeline_dag.py
[2026-03-18T07:49:51.516+0000] {logging_mixin.py:190} INFO - [2026-03-18T07:49:51.515+0000] {dag.py:3239} INFO - Sync 1 DAGs
[2026-03-18T07:49:51.587+0000] {logging_mixin.py:190} INFO - [2026-03-18T07:49:51.587+0000] {dag.py:4180} INFO - Setting next_dagrun for chat_pipeline to 2026-03-18 00:00:00+00:00, run_after=2026-03-19 00:00:00+00:00
[2026-03-18T07:49:51.619+0000] {processor.py:208} INFO - Processing /opt/airflow/dags/pipeline_dag.py took 0.349 seconds
[2026-03-18T07:50:21.910+0000] {processor.py:186} INFO - Started process (PID=248) to work on /opt/airflow/dags/pipeline_dag.py
[2026-03-18T07:50:21.912+0000] {processor.py:914} INFO - Processing file /opt/airflow/dags/pipeline_dag.py for tasks to queue
[2026-03-18T07:50:21.916+0000] {logging_mixin.py:190} INFO - [2026-03-18T07:50:21.915+0000] {dagbag.py:588} INFO - Filling up the DagBag from /opt/airflow/dags/pipeline_dag.py
[2026-03-18T07:50:21.972+0000] {processor.py:925} INFO - DAG(s) 'chat_pipeline' retrieved from /opt/airflow/dags/pipeline_dag.py
[2026-03-18T07:50:22.022+0000] {logging_mixin.py:190} INFO - [2026-03-18T07:50:22.021+0000] {dag.py:3239} INFO - Sync 1 DAGs
[2026-03-18T07:50:22.058+0000] {logging_mixin.py:190} INFO - [2026-03-18T07:50:22.058+0000] {dag.py:4180} INFO - Setting next_dagrun for chat_pipeline to 2026-03-18 00:00:00+00:00, run_after=2026-03-19 00:00:00+00:00
[2026-03-18T07:50:22.118+0000] {processor.py:208} INFO - Processing /opt/airflow/dags/pipeline_dag.py took 0.216 seconds
[2026-03-18T07:50:52.759+0000] {processor.py:186} INFO - Started process (PID=253) to work on /opt/airflow/dags/pipeline_dag.py
[2026-03-18T07:50:52.761+0000] {processor.py:914} INFO - Processing file /opt/airflow/dags/pipeline_dag.py for tasks to queue
[2026-03-18T07:50:52.770+0000] {logging_mixin.py:190} INFO - [2026-03-18T07:50:52.769+0000] {dagbag.py:588} INFO - Filling up the DagBag from /opt/airflow/dags/pipeline_dag.py
[2026-03-18T07:50:52.874+0000] {processor.py:925} INFO - DAG(s) 'chat_pipeline' retrieved from /opt/airflow/dags/pipeline_dag.py
[2026-03-18T07:50:53.060+0000] {logging_mixin.py:190} INFO - [2026-03-18T07:50:53.060+0000] {dag.py:3239} INFO - Sync 1 DAGs
[2026-03-18T07:50:53.192+0000] {logging_mixin.py:190} INFO - [2026-03-18T07:50:53.192+0000] {dag.py:4180} INFO - Setting next_dagrun for chat_pipeline to 2026-03-18 00:00:00+00:00, run_after=2026-03-19 00:00:00+00:00
[2026-03-18T07:50:53.263+0000] {processor.py:208} INFO - Processing /opt/airflow/dags/pipeline_dag.py took 0.520 seconds
[2026-03-18T13:11:57.585+0000] {processor.py:186} INFO - Started process (PID=167) to work on /opt/airflow/dags/pipeline_dag.py
[2026-03-18T13:11:57.586+0000] {processor.py:914} INFO - Processing file /opt/airflow/dags/pipeline_dag.py for tasks to queue
[2026-03-18T13:11:57.597+0000] {logging_mixin.py:190} INFO - [2026-03-18T13:11:57.590+0000] {dagbag.py:588} INFO - Filling up the DagBag from /opt/airflow/dags/pipeline_dag.py
[2026-03-18T13:11:57.831+0000] {processor.py:925} INFO - DAG(s) 'chat_pipeline' retrieved from /opt/airflow/dags/pipeline_dag.py
[2026-03-18T13:11:57.941+0000] {logging_mixin.py:190} INFO - [2026-03-18T13:11:57.940+0000] {dag.py:3239} INFO - Sync 1 DAGs
[2026-03-18T13:11:58.029+0000] {logging_mixin.py:190} INFO - [2026-03-18T13:11:58.029+0000] {dag.py:4180} INFO - Setting next_dagrun for chat_pipeline to 2026-03-18 00:00:00+00:00, run_after=2026-03-19 00:00:00+00:00
[2026-03-18T13:11:58.088+0000] {processor.py:208} INFO - Processing /opt/airflow/dags/pipeline_dag.py took 0.515 seconds
[2026-03-18T13:12:28.294+0000] {processor.py:186} INFO - Started process (PID=172) to work on /opt/airflow/dags/pipeline_dag.py
[2026-03-18T13:12:28.451+0000] {processor.py:914} INFO - Processing file /opt/airflow/dags/pipeline_dag.py for tasks to queue
[2026-03-18T13:12:28.466+0000] {logging_mixin.py:190} INFO - [2026-03-18T13:12:28.464+0000] {dagbag.py:588} INFO - Filling up the DagBag from /opt/airflow/dags/pipeline_dag.py
[2026-03-18T13:12:28.629+0000] {processor.py:925} INFO - DAG(s) 'chat_pipeline' retrieved from /opt/airflow/dags/pipeline_dag.py
[2026-03-18T13:12:28.795+0000] {logging_mixin.py:190} INFO - [2026-03-18T13:12:28.794+0000] {dag.py:3239} INFO - Sync 1 DAGs
[2026-03-18T13:12:29.025+0000] {logging_mixin.py:190} INFO - [2026-03-18T13:12:29.024+0000] {dag.py:4180} INFO - Setting next_dagrun for chat_pipeline to 2026-03-18 00:00:00+00:00, run_after=2026-03-19 00:00:00+00:00
[2026-03-18T13:12:29.130+0000] {processor.py:208} INFO - Processing /opt/airflow/dags/pipeline_dag.py took 0.857 seconds
[2026-03-18T13:13:00.107+0000] {processor.py:186} INFO - Started process (PID=177) to work on /opt/airflow/dags/pipeline_dag.py
[2026-03-18T13:13:00.370+0000] {processor.py:914} INFO - Processing file /opt/airflow/dags/pipeline_dag.py for tasks to queue
[2026-03-18T13:13:00.570+0000] {logging_mixin.py:190} INFO - [2026-03-18T13:13:00.560+0000] {dagbag.py:588} INFO - Filling up the DagBag from /opt/airflow/dags/pipeline_dag.py
[2026-03-18T13:13:00.908+0000] {processor.py:925} INFO - DAG(s) 'chat_pipeline' retrieved from /opt/airflow/dags/pipeline_dag.py
[2026-03-18T13:13:01.176+0000] {logging_mixin.py:190} INFO - [2026-03-18T13:13:01.176+0000] {dag.py:3239} INFO - Sync 1 DAGs
[2026-03-18T13:13:01.337+0000] {logging_mixin.py:190} INFO - [2026-03-18T13:13:01.336+0000] {dag.py:4180} INFO - Setting next_dagrun for chat_pipeline to 2026-03-18 00:00:00+00:00, run_after=2026-03-19 00:00:00+00:00
[2026-03-18T13:13:01.407+0000] {processor.py:208} INFO - Processing /opt/airflow/dags/pipeline_dag.py took 1.394 seconds
[2026-03-18T13:13:31.951+0000] {processor.py:186} INFO - Started process (PID=185) to work on /opt/airflow/dags/pipeline_dag.py
[2026-03-18T13:13:31.953+0000] {processor.py:914} INFO - Processing file /opt/airflow/dags/pipeline_dag.py for tasks to queue
[2026-03-18T13:13:31.962+0000] {logging_mixin.py:190} INFO - [2026-03-18T13:13:31.961+0000] {dagbag.py:588} INFO - Filling up the DagBag from /opt/airflow/dags/pipeline_dag.py
[2026-03-18T13:13:32.015+0000] {processor.py:925} INFO - DAG(s) 'chat_pipeline' retrieved from /opt/airflow/dags/pipeline_dag.py
[2026-03-18T13:13:32.082+0000] {logging_mixin.py:190} INFO - [2026-03-18T13:13:32.082+0000] {dag.py:3239} INFO - Sync 1 DAGs
[2026-03-18T13:13:32.127+0000] {logging_mixin.py:190} INFO - [2026-03-18T13:13:32.127+0000] {dag.py:4180} INFO - Setting next_dagrun for chat_pipeline to 2026-03-18 00:00:00+00:00, run_after=2026-03-19 00:00:00+00:00
[2026-03-18T13:13:32.159+0000] {processor.py:208} INFO - Processing /opt/airflow/dags/pipeline_dag.py took 0.227 seconds
[2026-03-18T13:14:02.578+0000] {processor.py:186} INFO - Started process (PID=190) to work on /opt/airflow/dags/pipeline_dag.py
[2026-03-18T13:14:02.580+0000] {processor.py:914} INFO - Processing file /opt/airflow/dags/pipeline_dag.py for tasks to queue
[2026-03-18T13:14:02.583+0000] {logging_mixin.py:190} INFO - [2026-03-18T13:14:02.582+0000] {dagbag.py:588} INFO - Filling up the DagBag from /opt/airflow/dags/pipeline_dag.py
[2026-03-18T13:14:02.627+0000] {processor.py:925} INFO - DAG(s) 'chat_pipeline' retrieved from /opt/airflow/dags/pipeline_dag.py
[2026-03-18T13:14:02.684+0000] {logging_mixin.py:190} INFO - [2026-03-18T13:14:02.684+0000] {dag.py:3239} INFO - Sync 1 DAGs
[2026-03-18T13:14:02.722+0000] {logging_mixin.py:190} INFO - [2026-03-18T13:14:02.721+0000] {dag.py:4180} INFO - Setting next_dagrun for chat_pipeline to 2026-03-18 00:00:00+00:00, run_after=2026-03-19 00:00:00+00:00
[2026-03-18T13:14:02.747+0000] {processor.py:208} INFO - Processing /opt/airflow/dags/pipeline_dag.py took 0.178 seconds
[2026-03-18T13:14:32.893+0000] {processor.py:186} INFO - Started process (PID=195) to work on /opt/airflow/dags/pipeline_dag.py
[2026-03-18T13:14:32.897+0000] {processor.py:914} INFO - Processing file /opt/airflow/dags/pipeline_dag.py for tasks to queue
[2026-03-18T13:14:32.901+0000] {logging_mixin.py:190} INFO - [2026-03-18T13:14:32.901+0000] {dagbag.py:588} INFO - Filling up the DagBag from /opt/airflow/dags/pipeline_dag.py
[2026-03-18T13:14:32.997+0000] {processor.py:925} INFO - DAG(s) 'chat_pipeline' retrieved from /opt/airflow/dags/pipeline_dag.py
[2026-03-18T13:14:33.066+0000] {logging_mixin.py:190} INFO - [2026-03-18T13:14:33.066+0000] {dag.py:3239} INFO - Sync 1 DAGs
[2026-03-18T13:14:33.115+0000] {logging_mixin.py:190} INFO - [2026-03-18T13:14:33.115+0000] {dag.py:4180} INFO - Setting next_dagrun for chat_pipeline to 2026-03-18 00:00:00+00:00, run_after=2026-03-19 00:00:00+00:00
[2026-03-18T13:14:33.141+0000] {processor.py:208} INFO - Processing /opt/airflow/dags/pipeline_dag.py took 0.258 seconds
[2026-03-18T13:15:03.441+0000] {processor.py:186} INFO - Started process (PID=203) to work on /opt/airflow/dags/pipeline_dag.py
[2026-03-18T13:15:03.443+0000] {processor.py:914} INFO - Processing file /opt/airflow/dags/pipeline_dag.py for tasks to queue
[2026-03-18T13:15:03.446+0000] {logging_mixin.py:190} INFO - [2026-03-18T13:15:03.446+0000] {dagbag.py:588} INFO - Filling up the DagBag from /opt/airflow/dags/pipeline_dag.py
[2026-03-18T13:15:03.525+0000] {processor.py:925} INFO - DAG(s) 'chat_pipeline' retrieved from /opt/airflow/dags/pipeline_dag.py
[2026-03-18T13:15:03.568+0000] {logging_mixin.py:190} INFO - [2026-03-18T13:15:03.567+0000] {dag.py:3239} INFO - Sync 1 DAGs
[2026-03-18T13:15:03.603+0000] {logging_mixin.py:190} INFO - [2026-03-18T13:15:03.603+0000] {dag.py:4180} INFO - Setting next_dagrun for chat_pipeline to 2026-03-18 00:00:00+00:00, run_after=2026-03-19 00:00:00+00:00
[2026-03-18T13:15:03.630+0000] {processor.py:208} INFO - Processing /opt/airflow/dags/pipeline_dag.py took 0.196 seconds
[2026-03-18T13:15:33.934+0000] {processor.py:186} INFO - Started process (PID=208) to work on /opt/airflow/dags/pipeline_dag.py
[2026-03-18T13:15:33.936+0000] {processor.py:914} INFO - Processing file /opt/airflow/dags/pipeline_dag.py for tasks to queue
[2026-03-18T13:15:33.939+0000] {logging_mixin.py:190} INFO - [2026-03-18T13:15:33.939+0000] {dagbag.py:588} INFO - Filling up the DagBag from /opt/airflow/dags/pipeline_dag.py
[2026-03-18T13:15:33.996+0000] {processor.py:925} INFO - DAG(s) 'chat_pipeline' retrieved from /opt/airflow/dags/pipeline_dag.py
[2026-03-18T13:15:34.041+0000] {logging_mixin.py:190} INFO - [2026-03-18T13:15:34.041+0000] {dag.py:3239} INFO - Sync 1 DAGs
[2026-03-18T13:15:34.086+0000] {logging_mixin.py:190} INFO - [2026-03-18T13:15:34.086+0000] {dag.py:4180} INFO - Setting next_dagrun for chat_pipeline to 2026-03-18 00:00:00+00:00, run_after=2026-03-19 00:00:00+00:00
[2026-03-18T13:15:34.117+0000] {processor.py:208} INFO - Processing /opt/airflow/dags/pipeline_dag.py took 0.196 seconds
[2026-03-18T13:16:04.483+0000] {processor.py:186} INFO - Started process (PID=213) to work on /opt/airflow/dags/pipeline_dag.py
[2026-03-18T13:16:04.485+0000] {processor.py:914} INFO - Processing file /opt/airflow/dags/pipeline_dag.py for tasks to queue
[2026-03-18T13:16:04.489+0000] {logging_mixin.py:190} INFO - [2026-03-18T13:16:04.488+0000] {dagbag.py:588} INFO - Filling up the DagBag from /opt/airflow/dags/pipeline_dag.py
[2026-03-18T13:16:04.536+0000] {processor.py:925} INFO - DAG(s) 'chat_pipeline' retrieved from /opt/airflow/dags/pipeline_dag.py
[2026-03-18T13:16:04.574+0000] {logging_mixin.py:190} INFO - [2026-03-18T13:16:04.574+0000] {dag.py:3239} INFO - Sync 1 DAGs
[2026-03-18T13:16:04.607+0000] {logging_mixin.py:190} INFO - [2026-03-18T13:16:04.607+0000] {dag.py:4180} INFO - Setting next_dagrun for chat_pipeline to 2026-03-18 00:00:00+00:00, run_after=2026-03-19 00:00:00+00:00
[2026-03-18T13:16:04.634+0000] {processor.py:208} INFO - Processing /opt/airflow/dags/pipeline_dag.py took 0.160 seconds
[2026-03-18T13:16:35.008+0000] {processor.py:186} INFO - Started process (PID=218) to work on /opt/airflow/dags/pipeline_dag.py
[2026-03-18T13:16:35.010+0000] {processor.py:914} INFO - Processing file /opt/airflow/dags/pipeline_dag.py for tasks to queue
[2026-03-18T13:16:35.017+0000] {logging_mixin.py:190} INFO - [2026-03-18T13:16:35.016+0000] {dagbag.py:588} INFO - Filling up the DagBag from /opt/airflow/dags/pipeline_dag.py
[2026-03-18T13:16:35.065+0000] {processor.py:925} INFO - DAG(s) 'chat_pipeline' retrieved from /opt/airflow/dags/pipeline_dag.py
[2026-03-18T13:16:35.103+0000] {logging_mixin.py:190} INFO - [2026-03-18T13:16:35.103+0000] {dag.py:3239} INFO - Sync 1 DAGs
[2026-03-18T13:16:35.137+0000] {logging_mixin.py:190} INFO - [2026-03-18T13:16:35.137+0000] {dag.py:4180} INFO - Setting next_dagrun for chat_pipeline to 2026-03-18 00:00:00+00:00, run_after=2026-03-19 00:00:00+00:00
[2026-03-18T13:16:35.165+0000] {processor.py:208} INFO - Processing /opt/airflow/dags/pipeline_dag.py took 0.174 seconds
[2026-03-18T13:17:05.524+0000] {processor.py:186} INFO - Started process (PID=223) to work on /opt/airflow/dags/pipeline_dag.py
[2026-03-18T13:17:05.525+0000] {processor.py:914} INFO - Processing file /opt/airflow/dags/pipeline_dag.py for tasks to queue
[2026-03-18T13:17:05.529+0000] {logging_mixin.py:190} INFO - [2026-03-18T13:17:05.528+0000] {dagbag.py:588} INFO - Filling up the DagBag from /opt/airflow/dags/pipeline_dag.py
[2026-03-18T13:17:05.570+0000] {processor.py:925} INFO - DAG(s) 'chat_pipeline' retrieved from /opt/airflow/dags/pipeline_dag.py
[2026-03-18T13:17:05.610+0000] {logging_mixin.py:190} INFO - [2026-03-18T13:17:05.610+0000] {dag.py:3239} INFO - Sync 1 DAGs
[2026-03-18T13:17:05.638+0000] {logging_mixin.py:190} INFO - [2026-03-18T13:17:05.638+0000] {dag.py:4180} INFO - Setting next_dagrun for chat_pipeline to 2026-03-18 00:00:00+00:00, run_after=2026-03-19 00:00:00+00:00
[2026-03-18T13:17:05.664+0000] {processor.py:208} INFO - Processing /opt/airflow/dags/pipeline_dag.py took 0.148 seconds
[2026-03-18T13:17:36.108+0000] {processor.py:186} INFO - Started process (PID=228) to work on /opt/airflow/dags/pipeline_dag.py
[2026-03-18T13:17:36.110+0000] {processor.py:914} INFO - Processing file /opt/airflow/dags/pipeline_dag.py for tasks to queue
[2026-03-18T13:17:36.113+0000] {logging_mixin.py:190} INFO - [2026-03-18T13:17:36.112+0000] {dagbag.py:588} INFO - Filling up the DagBag from /opt/airflow/dags/pipeline_dag.py
[2026-03-18T13:17:36.152+0000] {processor.py:925} INFO - DAG(s) 'chat_pipeline' retrieved from /opt/airflow/dags/pipeline_dag.py
[2026-03-18T13:17:36.189+0000] {logging_mixin.py:190} INFO - [2026-03-18T13:17:36.188+0000] {dag.py:3239} INFO - Sync 1 DAGs
[2026-03-18T13:17:36.222+0000] {logging_mixin.py:190} INFO - [2026-03-18T13:17:36.222+0000] {dag.py:4180} INFO - Setting next_dagrun for chat_pipeline to 2026-03-18 00:00:00+00:00, run_after=2026-03-19 00:00:00+00:00
[2026-03-18T13:17:36.250+0000] {processor.py:208} INFO - Processing /opt/airflow/dags/pipeline_dag.py took 0.148 seconds
[2026-03-18T13:19:15.645+0000] {processor.py:186} INFO - Started process (PID=167) to work on /opt/airflow/dags/pipeline_dag.py
[2026-03-18T13:19:15.647+0000] {processor.py:914} INFO - Processing file /opt/airflow/dags/pipeline_dag.py for tasks to queue
[2026-03-18T13:19:15.664+0000] {logging_mixin.py:190} INFO - [2026-03-18T13:19:15.660+0000] {dagbag.py:588} INFO - Filling up the DagBag from /opt/airflow/dags/pipeline_dag.py
[2026-03-18T13:19:15.852+0000] {processor.py:925} INFO - DAG(s) 'chat_pipeline' retrieved from /opt/airflow/dags/pipeline_dag.py
[2026-03-18T13:19:15.953+0000] {logging_mixin.py:190} INFO - [2026-03-18T13:19:15.953+0000] {dag.py:3239} INFO - Sync 1 DAGs
[2026-03-18T13:19:16.017+0000] {logging_mixin.py:190} INFO - [2026-03-18T13:19:16.016+0000] {dag.py:4180} INFO - Setting next_dagrun for chat_pipeline to 2026-03-18 00:00:00+00:00, run_after=2026-03-19 00:00:00+00:00
[2026-03-18T13:19:16.054+0000] {processor.py:208} INFO - Processing /opt/airflow/dags/pipeline_dag.py took 0.437 seconds
[2026-03-18T13:19:46.401+0000] {processor.py:186} INFO - Started process (PID=172) to work on /opt/airflow/dags/pipeline_dag.py
[2026-03-18T13:19:46.403+0000] {processor.py:914} INFO - Processing file /opt/airflow/dags/pipeline_dag.py for tasks to queue
[2026-03-18T13:19:46.407+0000] {logging_mixin.py:190} INFO - [2026-03-18T13:19:46.406+0000] {dagbag.py:588} INFO - Filling up the DagBag from /opt/airflow/dags/pipeline_dag.py
[2026-03-18T13:19:46.449+0000] {processor.py:925} INFO - DAG(s) 'chat_pipeline' retrieved from /opt/airflow/dags/pipeline_dag.py
[2026-03-18T13:19:46.496+0000] {logging_mixin.py:190} INFO - [2026-03-18T13:19:46.496+0000] {dag.py:3239} INFO - Sync 1 DAGs
[2026-03-18T13:19:46.527+0000] {logging_mixin.py:190} INFO - [2026-03-18T13:19:46.526+0000] {dag.py:4180} INFO - Setting next_dagrun for chat_pipeline to 2026-03-18 00:00:00+00:00, run_after=2026-03-19 00:00:00+00:00
[2026-03-18T13:19:46.551+0000] {processor.py:208} INFO - Processing /opt/airflow/dags/pipeline_dag.py took 0.159 seconds
[2026-03-18T13:20:16.716+0000] {processor.py:186} INFO - Started process (PID=177) to work on /opt/airflow/dags/pipeline_dag.py
[2026-03-18T13:20:16.718+0000] {processor.py:914} INFO - Processing file /opt/airflow/dags/pipeline_dag.py for tasks to queue
[2026-03-18T13:20:16.725+0000] {logging_mixin.py:190} INFO - [2026-03-18T13:20:16.724+0000] {dagbag.py:588} INFO - Filling up the DagBag from /opt/airflow/dags/pipeline_dag.py
[2026-03-18T13:20:16.784+0000] {processor.py:925} INFO - DAG(s) 'chat_pipeline' retrieved from /opt/airflow/dags/pipeline_dag.py
[2026-03-18T13:20:16.837+0000] {logging_mixin.py:190} INFO - [2026-03-18T13:20:16.837+0000] {dag.py:3239} INFO - Sync 1 DAGs
[2026-03-18T13:20:16.884+0000] {logging_mixin.py:190} INFO - [2026-03-18T13:20:16.883+0000] {dag.py:4180} INFO - Setting next_dagrun for chat_pipeline to 2026-03-18 00:00:00+00:00, run_after=2026-03-19 00:00:00+00:00
[2026-03-18T13:20:16.917+0000] {processor.py:208} INFO - Processing /opt/airflow/dags/pipeline_dag.py took 0.214 seconds
[2026-03-18T13:20:47.332+0000] {processor.py:186} INFO - Started process (PID=182) to work on /opt/airflow/dags/pipeline_dag.py
[2026-03-18T13:20:47.334+0000] {processor.py:914} INFO - Processing file /opt/airflow/dags/pipeline_dag.py for tasks to queue
[2026-03-18T13:20:47.338+0000] {logging_mixin.py:190} INFO - [2026-03-18T13:20:47.338+0000] {dagbag.py:588} INFO - Filling up the DagBag from /opt/airflow/dags/pipeline_dag.py
[2026-03-18T13:20:47.394+0000] {processor.py:925} INFO - DAG(s) 'chat_pipeline' retrieved from /opt/airflow/dags/pipeline_dag.py
[2026-03-18T13:20:47.443+0000] {logging_mixin.py:190} INFO - [2026-03-18T13:20:47.442+0000] {dag.py:3239} INFO - Sync 1 DAGs
[2026-03-18T13:20:47.493+0000] {logging_mixin.py:190} INFO - [2026-03-18T13:20:47.492+0000] {dag.py:4180} INFO - Setting next_dagrun for chat_pipeline to 2026-03-18 00:00:00+00:00, run_after=2026-03-19 00:00:00+00:00
[2026-03-18T13:20:47.524+0000] {processor.py:208} INFO - Processing /opt/airflow/dags/pipeline_dag.py took 0.201 seconds
[2026-03-18T13:21:17.755+0000] {processor.py:186} INFO - Started process (PID=187) to work on /opt/airflow/dags/pipeline_dag.py
[2026-03-18T13:21:17.757+0000] {processor.py:914} INFO - Processing file /opt/airflow/dags/pipeline_dag.py for tasks to queue
[2026-03-18T13:21:17.759+0000] {logging_mixin.py:190} INFO - [2026-03-18T13:21:17.759+0000] {dagbag.py:588} INFO - Filling up the DagBag from /opt/airflow/dags/pipeline_dag.py
[2026-03-18T13:21:17.806+0000] {processor.py:925} INFO - DAG(s) 'chat_pipeline' retrieved from /opt/airflow/dags/pipeline_dag.py
[2026-03-18T13:21:17.845+0000] {logging_mixin.py:190} INFO - [2026-03-18T13:21:17.845+0000] {dag.py:3239} INFO - Sync 1 DAGs
[2026-03-18T13:21:17.877+0000] {logging_mixin.py:190} INFO - [2026-03-18T13:21:17.877+0000] {dag.py:4180} INFO - Setting next_dagrun for chat_pipeline to 2026-03-18 00:00:00+00:00, run_after=2026-03-19 00:00:00+00:00
[2026-03-18T13:21:17.905+0000] {processor.py:208} INFO - Processing /opt/airflow/dags/pipeline_dag.py took 0.159 seconds
[2026-03-18T13:21:48.158+0000] {processor.py:186} INFO - Started process (PID=192) to work on /opt/airflow/dags/pipeline_dag.py
[2026-03-18T13:21:48.160+0000] {processor.py:914} INFO - Processing file /opt/airflow/dags/pipeline_dag.py for tasks to queue
[2026-03-18T13:21:48.164+0000] {logging_mixin.py:190} INFO - [2026-03-18T13:21:48.163+0000] {dagbag.py:588} INFO - Filling up the DagBag from /opt/airflow/dags/pipeline_dag.py
[2026-03-18T13:21:48.208+0000] {processor.py:925} INFO - DAG(s) 'chat_pipeline' retrieved from /opt/airflow/dags/pipeline_dag.py
[2026-03-18T13:21:48.252+0000] {logging_mixin.py:190} INFO - [2026-03-18T13:21:48.252+0000] {dag.py:3239} INFO - Sync 1 DAGs
[2026-03-18T13:21:48.284+0000] {logging_mixin.py:190} INFO - [2026-03-18T13:21:48.284+0000] {dag.py:4180} INFO - Setting next_dagrun for chat_pipeline to 2026-03-18 00:00:00+00:00, run_after=2026-03-19 00:00:00+00:00
[2026-03-18T13:21:48.309+0000] {processor.py:208} INFO - Processing /opt/airflow/dags/pipeline_dag.py took 0.163 seconds
[2026-03-18T13:22:18.918+0000] {processor.py:186} INFO - Started process (PID=200) to work on /opt/airflow/dags/pipeline_dag.py
[2026-03-18T13:22:18.920+0000] {processor.py:914} INFO - Processing file /opt/airflow/dags/pipeline_dag.py for tasks to queue
[2026-03-18T13:22:18.924+0000] {logging_mixin.py:190} INFO - [2026-03-18T13:22:18.924+0000] {dagbag.py:588} INFO - Filling up the DagBag from /opt/airflow/dags/pipeline_dag.py
[2026-03-18T13:22:18.970+0000] {processor.py:925} INFO - DAG(s) 'chat_pipeline' retrieved from /opt/airflow/dags/pipeline_dag.py
[2026-03-18T13:22:19.019+0000] {logging_mixin.py:190} INFO - [2026-03-18T13:22:19.018+0000] {dag.py:3239} INFO - Sync 1 DAGs
[2026-03-18T13:22:19.060+0000] {logging_mixin.py:190} INFO - [2026-03-18T13:22:19.059+0000] {dag.py:4180} INFO - Setting next_dagrun for chat_pipeline to 2026-03-18 00:00:00+00:00, run_after=2026-03-19 00:00:00+00:00
[2026-03-18T13:22:19.102+0000] {processor.py:208} INFO - Processing /opt/airflow/dags/pipeline_dag.py took 0.192 seconds
[2026-03-18T13:22:49.396+0000] {processor.py:186} INFO - Started process (PID=205) to work on /opt/airflow/dags/pipeline_dag.py
[2026-03-18T13:22:49.398+0000] {processor.py:914} INFO - Processing file /opt/airflow/dags/pipeline_dag.py for tasks to queue
[2026-03-18T13:22:49.403+0000] {logging_mixin.py:190} INFO - [2026-03-18T13:22:49.403+0000] {dagbag.py:588} INFO - Filling up the DagBag from /opt/airflow/dags/pipeline_dag.py
[2026-03-18T13:22:49.456+0000] {processor.py:925} INFO - DAG(s) 'chat_pipeline' retrieved from /opt/airflow/dags/pipeline_dag.py
[2026-03-18T13:22:49.503+0000] {logging_mixin.py:190} INFO - [2026-03-18T13:22:49.503+0000] {dag.py:3239} INFO - Sync 1 DAGs
[2026-03-18T13:22:49.542+0000] {logging_mixin.py:190} INFO - [2026-03-18T13:22:49.541+0000] {dag.py:4180} INFO - Setting next_dagrun for chat_pipeline to 2026-03-18 00:00:00+00:00, run_after=2026-03-19 00:00:00+00:00
[2026-03-18T13:22:49.570+0000] {processor.py:208} INFO - Processing /opt/airflow/dags/pipeline_dag.py took 0.187 seconds
[2026-03-18T13:23:19.971+0000] {processor.py:186} INFO - Started process (PID=210) to work on /opt/airflow/dags/pipeline_dag.py
[2026-03-18T13:23:19.972+0000] {processor.py:914} INFO - Processing file /opt/airflow/dags/pipeline_dag.py for tasks to queue
[2026-03-18T13:23:19.976+0000] {logging_mixin.py:190} INFO - [2026-03-18T13:23:19.976+0000] {dagbag.py:588} INFO - Filling up the DagBag from /opt/airflow/dags/pipeline_dag.py
[2026-03-18T13:23:20.019+0000] {processor.py:925} INFO - DAG(s) 'chat_pipeline' retrieved from /opt/airflow/dags/pipeline_dag.py
[2026-03-18T13:23:20.056+0000] {logging_mixin.py:190} INFO - [2026-03-18T13:23:20.056+0000] {dag.py:3239} INFO - Sync 1 DAGs
[2026-03-18T13:23:20.085+0000] {logging_mixin.py:190} INFO - [2026-03-18T13:23:20.085+0000] {dag.py:4180} INFO - Setting next_dagrun for chat_pipeline to 2026-03-18 00:00:00+00:00, run_after=2026-03-19 00:00:00+00:00
[2026-03-18T13:23:20.119+0000] {processor.py:208} INFO - Processing /opt/airflow/dags/pipeline_dag.py took 0.155 seconds
[2026-03-18T13:23:50.459+0000] {processor.py:186} INFO - Started process (PID=215) to work on /opt/airflow/dags/pipeline_dag.py
[2026-03-18T13:23:50.461+0000] {processor.py:914} INFO - Processing file /opt/airflow/dags/pipeline_dag.py for tasks to queue
[2026-03-18T13:23:50.465+0000] {logging_mixin.py:190} INFO - [2026-03-18T13:23:50.464+0000] {dagbag.py:588} INFO - Filling up the DagBag from /opt/airflow/dags/pipeline_dag.py
[2026-03-18T13:23:50.509+0000] {processor.py:925} INFO - DAG(s) 'chat_pipeline' retrieved from /opt/airflow/dags/pipeline_dag.py
[2026-03-18T13:23:50.588+0000] {logging_mixin.py:190} INFO - [2026-03-18T13:23:50.588+0000] {dag.py:3239} INFO - Sync 1 DAGs
[2026-03-18T13:23:50.625+0000] {logging_mixin.py:190} INFO - [2026-03-18T13:23:50.624+0000] {dag.py:4180} INFO - Setting next_dagrun for chat_pipeline to 2026-03-18 00:00:00+00:00, run_after=2026-03-19 00:00:00+00:00
[2026-03-18T13:23:50.654+0000] {processor.py:208} INFO - Processing /opt/airflow/dags/pipeline_dag.py took 0.206 seconds
[2026-03-18T13:24:21.029+0000] {processor.py:186} INFO - Started process (PID=220) to work on /opt/airflow/dags/pipeline_dag.py
[2026-03-18T13:24:21.031+0000] {processor.py:914} INFO - Processing file /opt/airflow/dags/pipeline_dag.py for tasks to queue
[2026-03-18T13:24:21.035+0000] {logging_mixin.py:190} INFO - [2026-03-18T13:24:21.035+0000] {dagbag.py:588} INFO - Filling up the DagBag from /opt/airflow/dags/pipeline_dag.py
[2026-03-18T13:24:21.086+0000] {processor.py:925} INFO - DAG(s) 'chat_pipeline' retrieved from /opt/airflow/dags/pipeline_dag.py
[2026-03-18T13:24:21.129+0000] {logging_mixin.py:190} INFO - [2026-03-18T13:24:21.129+0000] {dag.py:3239} INFO - Sync 1 DAGs
[2026-03-18T13:24:21.165+0000] {logging_mixin.py:190} INFO - [2026-03-18T13:24:21.165+0000] {dag.py:4180} INFO - Setting next_dagrun for chat_pipeline to 2026-03-18 00:00:00+00:00, run_after=2026-03-19 00:00:00+00:00
[2026-03-18T13:24:21.197+0000] {processor.py:208} INFO - Processing /opt/airflow/dags/pipeline_dag.py took 0.177 seconds
[2026-03-18T13:24:51.448+0000] {processor.py:186} INFO - Started process (PID=225) to work on /opt/airflow/dags/pipeline_dag.py
[2026-03-18T13:24:51.450+0000] {processor.py:914} INFO - Processing file /opt/airflow/dags/pipeline_dag.py for tasks to queue
[2026-03-18T13:24:51.454+0000] {logging_mixin.py:190} INFO - [2026-03-18T13:24:51.453+0000] {dagbag.py:588} INFO - Filling up the DagBag from /opt/airflow/dags/pipeline_dag.py
[2026-03-18T13:24:51.499+0000] {processor.py:925} INFO - DAG(s) 'chat_pipeline' retrieved from /opt/airflow/dags/pipeline_dag.py
[2026-03-18T13:24:51.569+0000] {logging_mixin.py:190} INFO - [2026-03-18T13:24:51.568+0000] {dag.py:3239} INFO - Sync 1 DAGs
[2026-03-18T13:24:51.635+0000] {logging_mixin.py:190} INFO - [2026-03-18T13:24:51.634+0000] {dag.py:4180} INFO - Setting next_dagrun for chat_pipeline to 2026-03-18 00:00:00+00:00, run_after=2026-03-19 00:00:00+00:00
[2026-03-18T13:24:51.680+0000] {processor.py:208} INFO - Processing /opt/airflow/dags/pipeline_dag.py took 0.243 seconds
[2026-03-18T13:25:21.934+0000] {processor.py:186} INFO - Started process (PID=230) to work on /opt/airflow/dags/pipeline_dag.py
[2026-03-18T13:25:21.937+0000] {processor.py:914} INFO - Processing file /opt/airflow/dags/pipeline_dag.py for tasks to queue
[2026-03-18T13:25:21.943+0000] {logging_mixin.py:190} INFO - [2026-03-18T13:25:21.942+0000] {dagbag.py:588} INFO - Filling up the DagBag from /opt/airflow/dags/pipeline_dag.py
[2026-03-18T13:25:21.990+0000] {processor.py:925} INFO - DAG(s) 'chat_pipeline' retrieved from /opt/airflow/dags/pipeline_dag.py
[2026-03-18T13:25:22.087+0000] {logging_mixin.py:190} INFO - [2026-03-18T13:25:22.086+0000] {dag.py:3239} INFO - Sync 1 DAGs
[2026-03-18T13:25:22.121+0000] {logging_mixin.py:190} INFO - [2026-03-18T13:25:22.121+0000] {dag.py:4180} INFO - Setting next_dagrun for chat_pipeline to 2026-03-18 00:00:00+00:00, run_after=2026-03-19 00:00:00+00:00
[2026-03-18T13:25:22.151+0000] {processor.py:208} INFO - Processing /opt/airflow/dags/pipeline_dag.py took 0.227 seconds
[2026-03-18T13:25:52.527+0000] {processor.py:186} INFO - Started process (PID=235) to work on /opt/airflow/dags/pipeline_dag.py
[2026-03-18T13:25:52.529+0000] {processor.py:914} INFO - Processing file /opt/airflow/dags/pipeline_dag.py for tasks to queue
[2026-03-18T13:25:52.533+0000] {logging_mixin.py:190} INFO - [2026-03-18T13:25:52.533+0000] {dagbag.py:588} INFO - Filling up the DagBag from /opt/airflow/dags/pipeline_dag.py
[2026-03-18T13:25:52.576+0000] {processor.py:925} INFO - DAG(s) 'chat_pipeline' retrieved from /opt/airflow/dags/pipeline_dag.py
[2026-03-18T13:25:52.622+0000] {logging_mixin.py:190} INFO - [2026-03-18T13:25:52.621+0000] {dag.py:3239} INFO - Sync 1 DAGs
[2026-03-18T13:25:52.656+0000] {logging_mixin.py:190} INFO - [2026-03-18T13:25:52.655+0000] {dag.py:4180} INFO - Setting next_dagrun for chat_pipeline to 2026-03-18 00:00:00+00:00, run_after=2026-03-19 00:00:00+00:00
[2026-03-18T13:25:52.685+0000] {processor.py:208} INFO - Processing /opt/airflow/dags/pipeline_dag.py took 0.168 seconds
[2026-03-18T13:26:23.080+0000] {processor.py:186} INFO - Started process (PID=240) to work on /opt/airflow/dags/pipeline_dag.py
[2026-03-18T13:26:23.081+0000] {processor.py:914} INFO - Processing file /opt/airflow/dags/pipeline_dag.py for tasks to queue
[2026-03-18T13:26:23.085+0000] {logging_mixin.py:190} INFO - [2026-03-18T13:26:23.085+0000] {dagbag.py:588} INFO - Filling up the DagBag from /opt/airflow/dags/pipeline_dag.py
[2026-03-18T13:26:23.134+0000] {processor.py:925} INFO - DAG(s) 'chat_pipeline' retrieved from /opt/airflow/dags/pipeline_dag.py
[2026-03-18T13:26:23.198+0000] {logging_mixin.py:190} INFO - [2026-03-18T13:26:23.198+0000] {dag.py:3239} INFO - Sync 1 DAGs
[2026-03-18T13:26:23.247+0000] {logging_mixin.py:190} INFO - [2026-03-18T13:26:23.246+0000] {dag.py:4180} INFO - Setting next_dagrun for chat_pipeline to 2026-03-18 00:00:00+00:00, run_after=2026-03-19 00:00:00+00:00
[2026-03-18T13:26:23.282+0000] {processor.py:208} INFO - Processing /opt/airflow/dags/pipeline_dag.py took 0.211 seconds
[2026-03-18T13:26:53.578+0000] {processor.py:186} INFO - Started process (PID=245) to work on /opt/airflow/dags/pipeline_dag.py
[2026-03-18T13:26:53.580+0000] {processor.py:914} INFO - Processing file /opt/airflow/dags/pipeline_dag.py for tasks to queue
[2026-03-18T13:26:53.585+0000] {logging_mixin.py:190} INFO - [2026-03-18T13:26:53.585+0000] {dagbag.py:588} INFO - Filling up the DagBag from /opt/airflow/dags/pipeline_dag.py
[2026-03-18T13:26:53.642+0000] {processor.py:925} INFO - DAG(s) 'chat_pipeline' retrieved from /opt/airflow/dags/pipeline_dag.py
[2026-03-18T13:26:53.687+0000] {logging_mixin.py:190} INFO - [2026-03-18T13:26:53.686+0000] {dag.py:3239} INFO - Sync 1 DAGs
[2026-03-18T13:26:53.721+0000] {logging_mixin.py:190} INFO - [2026-03-18T13:26:53.720+0000] {dag.py:4180} INFO - Setting next_dagrun for chat_pipeline to 2026-03-18 00:00:00+00:00, run_after=2026-03-19 00:00:00+00:00
[2026-03-18T13:26:53.751+0000] {processor.py:208} INFO - Processing /opt/airflow/dags/pipeline_dag.py took 0.184 seconds
[2026-03-18T13:27:24.022+0000] {processor.py:186} INFO - Started process (PID=250) to work on /opt/airflow/dags/pipeline_dag.py
[2026-03-18T13:27:24.023+0000] {processor.py:914} INFO - Processing file /opt/airflow/dags/pipeline_dag.py for tasks to queue
[2026-03-18T13:27:24.027+0000] {logging_mixin.py:190} INFO - [2026-03-18T13:27:24.026+0000] {dagbag.py:588} INFO - Filling up the DagBag from /opt/airflow/dags/pipeline_dag.py
[2026-03-18T13:27:24.126+0000] {processor.py:925} INFO - DAG(s) 'chat_pipeline' retrieved from /opt/airflow/dags/pipeline_dag.py
[2026-03-18T13:27:24.330+0000] {logging_mixin.py:190} INFO - [2026-03-18T13:27:24.330+0000] {dag.py:3239} INFO - Sync 1 DAGs
[2026-03-18T13:27:24.360+0000] {logging_mixin.py:190} INFO - [2026-03-18T13:27:24.359+0000] {dag.py:4180} INFO - Setting next_dagrun for chat_pipeline to 2026-03-18 00:00:00+00:00, run_after=2026-03-19 00:00:00+00:00
[2026-03-18T13:27:24.387+0000] {processor.py:208} INFO - Processing /opt/airflow/dags/pipeline_dag.py took 0.374 seconds
[2026-03-18T13:27:54.914+0000] {processor.py:186} INFO - Started process (PID=255) to work on /opt/airflow/dags/pipeline_dag.py
[2026-03-18T13:27:54.915+0000] {processor.py:914} INFO - Processing file /opt/airflow/dags/pipeline_dag.py for tasks to queue
[2026-03-18T13:27:54.918+0000] {logging_mixin.py:190} INFO - [2026-03-18T13:27:54.918+0000] {dagbag.py:588} INFO - Filling up the DagBag from /opt/airflow/dags/pipeline_dag.py
[2026-03-18T13:27:54.957+0000] {processor.py:925} INFO - DAG(s) 'chat_pipeline' retrieved from /opt/airflow/dags/pipeline_dag.py
[2026-03-18T13:27:54.995+0000] {logging_mixin.py:190} INFO - [2026-03-18T13:27:54.995+0000] {dag.py:3239} INFO - Sync 1 DAGs
[2026-03-18T13:27:55.026+0000] {logging_mixin.py:190} INFO - [2026-03-18T13:27:55.026+0000] {dag.py:4180} INFO - Setting next_dagrun for chat_pipeline to 2026-03-18 00:00:00+00:00, run_after=2026-03-19 00:00:00+00:00
[2026-03-18T13:27:55.051+0000] {processor.py:208} INFO - Processing /opt/airflow/dags/pipeline_dag.py took 0.144 seconds
[2026-03-18T13:28:26.242+0000] {processor.py:186} INFO - Started process (PID=260) to work on /opt/airflow/dags/pipeline_dag.py
[2026-03-18T13:28:26.243+0000] {processor.py:914} INFO - Processing file /opt/airflow/dags/pipeline_dag.py for tasks to queue
[2026-03-18T13:28:26.247+0000] {logging_mixin.py:190} INFO - [2026-03-18T13:28:26.246+0000] {dagbag.py:588} INFO - Filling up the DagBag from /opt/airflow/dags/pipeline_dag.py
[2026-03-18T13:28:26.351+0000] {processor.py:925} INFO - DAG(s) 'chat_pipeline' retrieved from /opt/airflow/dags/pipeline_dag.py
[2026-03-18T13:28:26.396+0000] {logging_mixin.py:190} INFO - [2026-03-18T13:28:26.396+0000] {dag.py:3239} INFO - Sync 1 DAGs
[2026-03-18T13:28:26.428+0000] {logging_mixin.py:190} INFO - [2026-03-18T13:28:26.428+0000] {dag.py:4180} INFO - Setting next_dagrun for chat_pipeline to 2026-03-18 00:00:00+00:00, run_after=2026-03-19 00:00:00+00:00
[2026-03-18T13:28:26.455+0000] {processor.py:208} INFO - Processing /opt/airflow/dags/pipeline_dag.py took 0.222 seconds
[2026-03-18T13:28:56.583+0000] {processor.py:186} INFO - Started process (PID=265) to work on /opt/airflow/dags/pipeline_dag.py
[2026-03-18T13:28:56.584+0000] {processor.py:914} INFO - Processing file /opt/airflow/dags/pipeline_dag.py for tasks to queue
[2026-03-18T13:28:56.587+0000] {logging_mixin.py:190} INFO - [2026-03-18T13:28:56.586+0000] {dagbag.py:588} INFO - Filling up the DagBag from /opt/airflow/dags/pipeline_dag.py
[2026-03-18T13:28:56.630+0000] {processor.py:925} INFO - DAG(s) 'chat_pipeline' retrieved from /opt/airflow/dags/pipeline_dag.py
[2026-03-18T13:28:56.699+0000] {logging_mixin.py:190} INFO - [2026-03-18T13:28:56.699+0000] {dag.py:3239} INFO - Sync 1 DAGs
[2026-03-18T13:28:56.733+0000] {logging_mixin.py:190} INFO - [2026-03-18T13:28:56.733+0000] {dag.py:4180} INFO - Setting next_dagrun for chat_pipeline to 2026-03-18 00:00:00+00:00, run_after=2026-03-19 00:00:00+00:00
[2026-03-18T13:28:56.765+0000] {processor.py:208} INFO - Processing /opt/airflow/dags/pipeline_dag.py took 0.190 seconds
[2026-03-18T13:29:27.316+0000] {processor.py:186} INFO - Started process (PID=270) to work on /opt/airflow/dags/pipeline_dag.py
[2026-03-18T13:29:27.318+0000] {processor.py:914} INFO - Processing file /opt/airflow/dags/pipeline_dag.py for tasks to queue
[2026-03-18T13:29:27.321+0000] {logging_mixin.py:190} INFO - [2026-03-18T13:29:27.321+0000] {dagbag.py:588} INFO - Filling up the DagBag from /opt/airflow/dags/pipeline_dag.py
[2026-03-18T13:29:27.359+0000] {processor.py:925} INFO - DAG(s) 'chat_pipeline' retrieved from /opt/airflow/dags/pipeline_dag.py
[2026-03-18T13:29:27.424+0000] {logging_mixin.py:190} INFO - [2026-03-18T13:29:27.423+0000] {dag.py:3239} INFO - Sync 1 DAGs
[2026-03-18T13:29:27.464+0000] {logging_mixin.py:190} INFO - [2026-03-18T13:29:27.464+0000] {dag.py:4180} INFO - Setting next_dagrun for chat_pipeline to 2026-03-18 00:00:00+00:00, run_after=2026-03-19 00:00:00+00:00
[2026-03-18T13:29:27.493+0000] {processor.py:208} INFO - Processing /opt/airflow/dags/pipeline_dag.py took 0.184 seconds
[2026-03-18T13:29:57.773+0000] {processor.py:186} INFO - Started process (PID=275) to work on /opt/airflow/dags/pipeline_dag.py
[2026-03-18T13:29:57.774+0000] {processor.py:914} INFO - Processing file /opt/airflow/dags/pipeline_dag.py for tasks to queue
[2026-03-18T13:29:57.779+0000] {logging_mixin.py:190} INFO - [2026-03-18T13:29:57.778+0000] {dagbag.py:588} INFO - Filling up the DagBag from /opt/airflow/dags/pipeline_dag.py
[2026-03-18T13:29:57.841+0000] {processor.py:925} INFO - DAG(s) 'chat_pipeline' retrieved from /opt/airflow/dags/pipeline_dag.py
[2026-03-18T13:29:57.892+0000] {logging_mixin.py:190} INFO - [2026-03-18T13:29:57.891+0000] {dag.py:3239} INFO - Sync 1 DAGs
[2026-03-18T13:29:57.933+0000] {logging_mixin.py:190} INFO - [2026-03-18T13:29:57.933+0000] {dag.py:4180} INFO - Setting next_dagrun for chat_pipeline to 2026-03-18 00:00:00+00:00, run_after=2026-03-19 00:00:00+00:00
[2026-03-18T13:29:57.965+0000] {processor.py:208} INFO - Processing /opt/airflow/dags/pipeline_dag.py took 0.202 seconds
[2026-03-18T13:30:28.297+0000] {processor.py:186} INFO - Started process (PID=280) to work on /opt/airflow/dags/pipeline_dag.py
[2026-03-18T13:30:28.299+0000] {processor.py:914} INFO - Processing file /opt/airflow/dags/pipeline_dag.py for tasks to queue
[2026-03-18T13:30:28.302+0000] {logging_mixin.py:190} INFO - [2026-03-18T13:30:28.302+0000] {dagbag.py:588} INFO - Filling up the DagBag from /opt/airflow/dags/pipeline_dag.py
[2026-03-18T13:30:28.339+0000] {processor.py:925} INFO - DAG(s) 'chat_pipeline' retrieved from /opt/airflow/dags/pipeline_dag.py
[2026-03-18T13:30:28.377+0000] {logging_mixin.py:190} INFO - [2026-03-18T13:30:28.377+0000] {dag.py:3239} INFO - Sync 1 DAGs
[2026-03-18T13:30:28.413+0000] {logging_mixin.py:190} INFO - [2026-03-18T13:30:28.413+0000] {dag.py:4180} INFO - Setting next_dagrun for chat_pipeline to 2026-03-18 00:00:00+00:00, run_after=2026-03-19 00:00:00+00:00
[2026-03-18T13:30:28.437+0000] {processor.py:208} INFO - Processing /opt/airflow/dags/pipeline_dag.py took 0.147 seconds
[2026-03-18T13:30:58.927+0000] {processor.py:186} INFO - Started process (PID=285) to work on /opt/airflow/dags/pipeline_dag.py
[2026-03-18T13:30:58.929+0000] {processor.py:914} INFO - Processing file /opt/airflow/dags/pipeline_dag.py for tasks to queue
[2026-03-18T13:30:58.934+0000] {logging_mixin.py:190} INFO - [2026-03-18T13:30:58.933+0000] {dagbag.py:588} INFO - Filling up the DagBag from /opt/airflow/dags/pipeline_dag.py
[2026-03-18T13:30:58.985+0000] {processor.py:925} INFO - DAG(s) 'chat_pipeline' retrieved from /opt/airflow/dags/pipeline_dag.py
[2026-03-18T13:30:59.026+0000] {logging_mixin.py:190} INFO - [2026-03-18T13:30:59.026+0000] {dag.py:3239} INFO - Sync 1 DAGs
[2026-03-18T13:30:59.060+0000] {logging_mixin.py:190} INFO - [2026-03-18T13:30:59.059+0000] {dag.py:4180} INFO - Setting next_dagrun for chat_pipeline to 2026-03-18 00:00:00+00:00, run_after=2026-03-19 00:00:00+00:00
[2026-03-18T13:30:59.090+0000] {processor.py:208} INFO - Processing /opt/airflow/dags/pipeline_dag.py took 0.171 seconds
