[2026-03-18T07:34:15.042+0000] {manager.py:483} INFO - Processing files using up to 2 processes at a time 
[2026-03-18T07:34:15.098+0000] {manager.py:484} INFO - Process each file at most once every 30 seconds
[2026-03-18T07:34:15.100+0000] {manager.py:485} INFO - Checking for new files in /opt/airflow/dags every 300 seconds
[2026-03-18T07:34:15.108+0000] {manager.py:821} INFO - Searching for files in /opt/airflow/dags
[2026-03-18T07:34:17.736+0000] {manager.py:824} INFO - There are 1 files in /opt/airflow/dags
[2026-03-18T07:34:23.988+0000] {manager.py:997} INFO - 
================================================================================
DAG File Processing Stats

File Path                            PID  Runtime      # DAGs    # Errors  Last Runtime    Last Run      Last # of DB Queries
---------------------------------  -----  ---------  --------  ----------  --------------  ----------  ----------------------
/opt/airflow/dags/pipeline_dag.py    167  2.97s             0           0                                                   0
================================================================================
[2026-03-18T07:34:54.688+0000] {manager.py:997} INFO - 
================================================================================
DAG File Processing Stats

File Path                          PID    Runtime      # DAGs    # Errors  Last Runtime    Last Run               Last # of DB Queries
---------------------------------  -----  ---------  --------  ----------  --------------  -------------------  ----------------------
/opt/airflow/dags/pipeline_dag.py                           1           0  16.76s          2026-03-18T07:34:37                      45
================================================================================
[2026-03-18T07:35:24.886+0000] {manager.py:997} INFO - 
================================================================================
DAG File Processing Stats

File Path                          PID    Runtime      # DAGs    # Errors  Last Runtime    Last Run               Last # of DB Queries
---------------------------------  -----  ---------  --------  ----------  --------------  -------------------  ----------------------
/opt/airflow/dags/pipeline_dag.py                           1           0  11.47s          2026-03-18T07:35:19                      12
================================================================================
[2026-03-18T07:35:55.311+0000] {manager.py:997} INFO - 
================================================================================
DAG File Processing Stats

File Path                          PID    Runtime      # DAGs    # Errors  Last Runtime    Last Run               Last # of DB Queries
---------------------------------  -----  ---------  --------  ----------  --------------  -------------------  ----------------------
/opt/airflow/dags/pipeline_dag.py                           1           0  0.52s           2026-03-18T07:35:50                      12
================================================================================
[2026-03-18T07:36:26.005+0000] {manager.py:997} INFO - 
================================================================================
DAG File Processing Stats

File Path                          PID    Runtime      # DAGs    # Errors  Last Runtime    Last Run               Last # of DB Queries
---------------------------------  -----  ---------  --------  ----------  --------------  -------------------  ----------------------
/opt/airflow/dags/pipeline_dag.py                           1           0  0.46s           2026-03-18T07:36:21                      12
================================================================================
[2026-03-18T07:36:56.066+0000] {manager.py:997} INFO - 
================================================================================
DAG File Processing Stats

File Path                          PID    Runtime      # DAGs    # Errors  Last Runtime    Last Run               Last # of DB Queries
---------------------------------  -----  ---------  --------  ----------  --------------  -------------------  ----------------------
/opt/airflow/dags/pipeline_dag.py                           1           0  0.58s           2026-03-18T07:36:51                      12
================================================================================
[2026-03-18T07:37:26.524+0000] {manager.py:997} INFO - 
================================================================================
DAG File Processing Stats

File Path                          PID    Runtime      # DAGs    # Errors  Last Runtime    Last Run               Last # of DB Queries
---------------------------------  -----  ---------  --------  ----------  --------------  -------------------  ----------------------
/opt/airflow/dags/pipeline_dag.py                           1           0  0.34s           2026-03-18T07:37:22                      12
================================================================================
[2026-03-18T07:37:46.229+0000] {manager.py:465} INFO - Exiting gracefully upon receiving signal 15
[2026-03-18T07:42:13.936+0000] {manager.py:483} INFO - Processing files using up to 2 processes at a time 
[2026-03-18T07:42:13.937+0000] {manager.py:484} INFO - Process each file at most once every 30 seconds
[2026-03-18T07:42:13.938+0000] {manager.py:485} INFO - Checking for new files in /opt/airflow/dags every 300 seconds
[2026-03-18T07:42:13.939+0000] {manager.py:821} INFO - Searching for files in /opt/airflow/dags
[2026-03-18T07:42:13.975+0000] {manager.py:824} INFO - There are 1 files in /opt/airflow/dags
[2026-03-18T07:42:14.090+0000] {manager.py:997} INFO - 
================================================================================
DAG File Processing Stats

File Path                            PID  Runtime      # DAGs    # Errors  Last Runtime    Last Run      Last # of DB Queries
---------------------------------  -----  ---------  --------  ----------  --------------  ----------  ----------------------
/opt/airflow/dags/pipeline_dag.py    167  0.03s             0           0                                                   0
================================================================================
[2026-03-18T07:42:44.416+0000] {manager.py:997} INFO - 
================================================================================
DAG File Processing Stats

File Path                          PID    Runtime      # DAGs    # Errors  Last Runtime    Last Run               Last # of DB Queries
---------------------------------  -----  ---------  --------  ----------  --------------  -------------------  ----------------------
/opt/airflow/dags/pipeline_dag.py                           1           0  0.36s           2026-03-18T07:42:14                      12
================================================================================
[2026-03-18T07:43:14.466+0000] {manager.py:997} INFO - 
================================================================================
DAG File Processing Stats

File Path                          PID    Runtime      # DAGs    # Errors  Last Runtime    Last Run               Last # of DB Queries
---------------------------------  -----  ---------  --------  ----------  --------------  -------------------  ----------------------
/opt/airflow/dags/pipeline_dag.py                           1           0  6.03s           2026-03-18T07:42:50                      12
================================================================================
[2026-03-18T07:43:44.552+0000] {manager.py:997} INFO - 
================================================================================
DAG File Processing Stats

File Path                          PID    Runtime      # DAGs    # Errors  Last Runtime    Last Run               Last # of DB Queries
---------------------------------  -----  ---------  --------  ----------  --------------  -------------------  ----------------------
/opt/airflow/dags/pipeline_dag.py                           1           0  7.99s           2026-03-18T07:43:29                      12
================================================================================
[2026-03-18T07:44:14.894+0000] {manager.py:997} INFO - 
================================================================================
DAG File Processing Stats

File Path                          PID    Runtime      # DAGs    # Errors  Last Runtime    Last Run               Last # of DB Queries
---------------------------------  -----  ---------  --------  ----------  --------------  -------------------  ----------------------
/opt/airflow/dags/pipeline_dag.py                           1           0  3.85s           2026-03-18T07:44:03                      12
================================================================================
[2026-03-18T07:44:45.244+0000] {manager.py:997} INFO - 
================================================================================
DAG File Processing Stats

File Path                          PID    Runtime      # DAGs    # Errors  Last Runtime    Last Run               Last # of DB Queries
---------------------------------  -----  ---------  --------  ----------  --------------  -------------------  ----------------------
/opt/airflow/dags/pipeline_dag.py                           1           0  2.97s           2026-03-18T07:44:37                      12
================================================================================
[2026-03-18T07:45:16.104+0000] {manager.py:997} INFO - 
================================================================================
DAG File Processing Stats

File Path                          PID    Runtime      # DAGs    # Errors  Last Runtime    Last Run               Last # of DB Queries
---------------------------------  -----  ---------  --------  ----------  --------------  -------------------  ----------------------
/opt/airflow/dags/pipeline_dag.py                           1           0  0.30s           2026-03-18T07:45:08                      12
================================================================================
[2026-03-18T07:45:46.112+0000] {manager.py:997} INFO - 
================================================================================
DAG File Processing Stats

File Path                          PID    Runtime      # DAGs    # Errors  Last Runtime    Last Run               Last # of DB Queries
---------------------------------  -----  ---------  --------  ----------  --------------  -------------------  ----------------------
/opt/airflow/dags/pipeline_dag.py                           1           0  3.52s           2026-03-18T07:45:42                      12
================================================================================
[2026-03-18T07:46:16.739+0000] {manager.py:997} INFO - 
================================================================================
DAG File Processing Stats

File Path                          PID    Runtime      # DAGs    # Errors  Last Runtime    Last Run               Last # of DB Queries
---------------------------------  -----  ---------  --------  ----------  --------------  -------------------  ----------------------
/opt/airflow/dags/pipeline_dag.py                           1           0  3.51s           2026-03-18T07:46:16                      12
================================================================================
[2026-03-18T07:46:46.784+0000] {manager.py:997} INFO - 
================================================================================
DAG File Processing Stats

File Path                            PID  Runtime      # DAGs    # Errors  Last Runtime    Last Run               Last # of DB Queries
---------------------------------  -----  ---------  --------  ----------  --------------  -------------------  ----------------------
/opt/airflow/dags/pipeline_dag.py    213  0.10s             1           0  3.51s           2026-03-18T07:46:16                      12
================================================================================
[2026-03-18T07:47:14.244+0000] {manager.py:821} INFO - Searching for files in /opt/airflow/dags
[2026-03-18T07:47:14.362+0000] {manager.py:824} INFO - There are 1 files in /opt/airflow/dags
[2026-03-18T07:47:17.545+0000] {manager.py:997} INFO - 
================================================================================
DAG File Processing Stats

File Path                            PID  Runtime      # DAGs    # Errors  Last Runtime    Last Run               Last # of DB Queries
---------------------------------  -----  ---------  --------  ----------  --------------  -------------------  ----------------------
/opt/airflow/dags/pipeline_dag.py    218  0.02s             1           0  0.46s           2026-03-18T07:46:47                      12
================================================================================
[2026-03-18T07:47:47.719+0000] {manager.py:997} INFO - 
================================================================================
DAG File Processing Stats

File Path                          PID    Runtime      # DAGs    # Errors  Last Runtime    Last Run               Last # of DB Queries
---------------------------------  -----  ---------  --------  ----------  --------------  -------------------  ----------------------
/opt/airflow/dags/pipeline_dag.py                           1           0  0.67s           2026-03-18T07:47:18                      12
================================================================================
[2026-03-18T07:48:17.902+0000] {manager.py:997} INFO - 
================================================================================
DAG File Processing Stats

File Path                          PID    Runtime      # DAGs    # Errors  Last Runtime    Last Run               Last # of DB Queries
---------------------------------  -----  ---------  --------  ----------  --------------  -------------------  ----------------------
/opt/airflow/dags/pipeline_dag.py                           1           0  0.31s           2026-03-18T07:47:48                      12
================================================================================
[2026-03-18T07:48:48.080+0000] {manager.py:997} INFO - 
================================================================================
DAG File Processing Stats

File Path                          PID    Runtime      # DAGs    # Errors  Last Runtime    Last Run               Last # of DB Queries
---------------------------------  -----  ---------  --------  ----------  --------------  -------------------  ----------------------
/opt/airflow/dags/pipeline_dag.py                           1           0  0.36s           2026-03-18T07:48:19                      12
================================================================================
[2026-03-18T07:49:18.547+0000] {manager.py:997} INFO - 
================================================================================
DAG File Processing Stats

File Path                          PID    Runtime      # DAGs    # Errors  Last Runtime    Last Run               Last # of DB Queries
---------------------------------  -----  ---------  --------  ----------  --------------  -------------------  ----------------------
/opt/airflow/dags/pipeline_dag.py                           1           0  0.29s           2026-03-18T07:48:50                      12
================================================================================
[2026-03-18T07:49:49.109+0000] {manager.py:997} INFO - 
================================================================================
DAG File Processing Stats

File Path                          PID    Runtime      # DAGs    # Errors  Last Runtime    Last Run               Last # of DB Queries
---------------------------------  -----  ---------  --------  ----------  --------------  -------------------  ----------------------
/opt/airflow/dags/pipeline_dag.py                           1           0  0.26s           2026-03-18T07:49:20                      12
================================================================================
[2026-03-18T07:50:19.116+0000] {manager.py:997} INFO - 
================================================================================
DAG File Processing Stats

File Path                          PID    Runtime      # DAGs    # Errors  Last Runtime    Last Run               Last # of DB Queries
---------------------------------  -----  ---------  --------  ----------  --------------  -------------------  ----------------------
/opt/airflow/dags/pipeline_dag.py                           1           0  0.45s           2026-03-18T07:49:51                      12
================================================================================
[2026-03-18T07:50:49.593+0000] {manager.py:997} INFO - 
================================================================================
DAG File Processing Stats

File Path                          PID    Runtime      # DAGs    # Errors  Last Runtime    Last Run               Last # of DB Queries
---------------------------------  -----  ---------  --------  ----------  --------------  -------------------  ----------------------
/opt/airflow/dags/pipeline_dag.py                           1           0  0.28s           2026-03-18T07:50:22                      12
================================================================================
[2026-03-18T13:11:57.011+0000] {manager.py:483} INFO - Processing files using up to 2 processes at a time 
[2026-03-18T13:11:57.014+0000] {manager.py:484} INFO - Process each file at most once every 30 seconds
[2026-03-18T13:11:57.015+0000] {manager.py:485} INFO - Checking for new files in /opt/airflow/dags every 300 seconds
[2026-03-18T13:11:57.020+0000] {manager.py:821} INFO - Searching for files in /opt/airflow/dags
[2026-03-18T13:11:57.280+0000] {manager.py:824} INFO - There are 1 files in /opt/airflow/dags
[2026-03-18T13:11:57.467+0000] {manager.py:997} INFO - 
================================================================================
DAG File Processing Stats

File Path                            PID  Runtime      # DAGs    # Errors  Last Runtime    Last Run      Last # of DB Queries
---------------------------------  -----  ---------  --------  ----------  --------------  ----------  ----------------------
/opt/airflow/dags/pipeline_dag.py    167  0.05s             0           0                                                   0
================================================================================
[2026-03-18T13:12:27.797+0000] {manager.py:997} INFO - 
================================================================================
DAG File Processing Stats

File Path                          PID    Runtime      # DAGs    # Errors  Last Runtime    Last Run               Last # of DB Queries
---------------------------------  -----  ---------  --------  ----------  --------------  -------------------  ----------------------
/opt/airflow/dags/pipeline_dag.py                           1           0  0.70s           2026-03-18T13:11:58                      12
================================================================================
[2026-03-18T13:12:58.298+0000] {manager.py:997} INFO - 
================================================================================
DAG File Processing Stats

File Path                          PID    Runtime      # DAGs    # Errors  Last Runtime    Last Run               Last # of DB Queries
---------------------------------  -----  ---------  --------  ----------  --------------  -------------------  ----------------------
/opt/airflow/dags/pipeline_dag.py                           1           0  0.94s           2026-03-18T13:12:29                      12
================================================================================
[2026-03-18T13:13:28.713+0000] {manager.py:997} INFO - 
================================================================================
DAG File Processing Stats

File Path                          PID    Runtime      # DAGs    # Errors  Last Runtime    Last Run               Last # of DB Queries
---------------------------------  -----  ---------  --------  ----------  --------------  -------------------  ----------------------
/opt/airflow/dags/pipeline_dag.py                           1           0  1.79s           2026-03-18T13:13:01                      12
================================================================================
[2026-03-18T13:13:59.501+0000] {manager.py:997} INFO - 
================================================================================
DAG File Processing Stats

File Path                          PID    Runtime      # DAGs    # Errors  Last Runtime    Last Run               Last # of DB Queries
---------------------------------  -----  ---------  --------  ----------  --------------  -------------------  ----------------------
/opt/airflow/dags/pipeline_dag.py                           1           0  0.30s           2026-03-18T13:13:32                      12
================================================================================
[2026-03-18T13:14:29.811+0000] {manager.py:997} INFO - 
================================================================================
DAG File Processing Stats

File Path                          PID    Runtime      # DAGs    # Errors  Last Runtime    Last Run               Last # of DB Queries
---------------------------------  -----  ---------  --------  ----------  --------------  -------------------  ----------------------
/opt/airflow/dags/pipeline_dag.py                           1           0  0.23s           2026-03-18T13:14:02                      12
================================================================================
[2026-03-18T13:15:00.357+0000] {manager.py:997} INFO - 
================================================================================
DAG File Processing Stats

File Path                          PID    Runtime      # DAGs    # Errors  Last Runtime    Last Run               Last # of DB Queries
---------------------------------  -----  ---------  --------  ----------  --------------  -------------------  ----------------------
/opt/airflow/dags/pipeline_dag.py                           1           0  0.31s           2026-03-18T13:14:33                      12
================================================================================
[2026-03-18T13:15:30.806+0000] {manager.py:997} INFO - 
================================================================================
DAG File Processing Stats

File Path                          PID    Runtime      # DAGs    # Errors  Last Runtime    Last Run               Last # of DB Queries
---------------------------------  -----  ---------  --------  ----------  --------------  -------------------  ----------------------
/opt/airflow/dags/pipeline_dag.py                           1           0  0.24s           2026-03-18T13:15:03                      12
================================================================================
[2026-03-18T13:16:01.411+0000] {manager.py:997} INFO - 
================================================================================
DAG File Processing Stats

File Path                          PID    Runtime      # DAGs    # Errors  Last Runtime    Last Run               Last # of DB Queries
---------------------------------  -----  ---------  --------  ----------  --------------  -------------------  ----------------------
/opt/airflow/dags/pipeline_dag.py                           1           0  0.25s           2026-03-18T13:15:34                      12
================================================================================
[2026-03-18T13:16:31.787+0000] {manager.py:997} INFO - 
================================================================================
DAG File Processing Stats

File Path                          PID    Runtime      # DAGs    # Errors  Last Runtime    Last Run               Last # of DB Queries
---------------------------------  -----  ---------  --------  ----------  --------------  -------------------  ----------------------
/opt/airflow/dags/pipeline_dag.py                           1           0  0.20s           2026-03-18T13:16:04                      12
================================================================================
[2026-03-18T13:16:57.286+0000] {manager.py:821} INFO - Searching for files in /opt/airflow/dags
[2026-03-18T13:16:57.343+0000] {manager.py:824} INFO - There are 1 files in /opt/airflow/dags
[2026-03-18T13:17:02.460+0000] {manager.py:997} INFO - 
================================================================================
DAG File Processing Stats

File Path                          PID    Runtime      # DAGs    # Errors  Last Runtime    Last Run               Last # of DB Queries
---------------------------------  -----  ---------  --------  ----------  --------------  -------------------  ----------------------
/opt/airflow/dags/pipeline_dag.py                           1           0  0.34s           2026-03-18T13:16:35                      12
================================================================================
[2026-03-18T13:17:32.989+0000] {manager.py:997} INFO - 
================================================================================
DAG File Processing Stats

File Path                          PID    Runtime      # DAGs    # Errors  Last Runtime    Last Run               Last # of DB Queries
---------------------------------  -----  ---------  --------  ----------  --------------  -------------------  ----------------------
/opt/airflow/dags/pipeline_dag.py                           1           0  0.18s           2026-03-18T13:17:05                      12
================================================================================
[2026-03-18T13:18:03.439+0000] {manager.py:997} INFO - 
================================================================================
DAG File Processing Stats

File Path                          PID    Runtime      # DAGs    # Errors  Last Runtime    Last Run               Last # of DB Queries
---------------------------------  -----  ---------  --------  ----------  --------------  -------------------  ----------------------
/opt/airflow/dags/pipeline_dag.py                           1           0  0.19s           2026-03-18T13:17:36                      12
================================================================================
